<?xml version="1.0" encoding="UTF-8"?>
<testng-results skipped="0" failed="1" total="3" passed="2">
  <reporter-output>
  </reporter-output>
  <suite name="SuiteHomepage" duration-ms="10931" started-at="2019-09-26T17:14:48Z" finished-at="2019-09-26T17:14:59Z">
    <groups>
    </groups>
    <test name="Testgoogle" duration-ms="10931" started-at="2019-09-26T17:14:48Z" finished-at="2019-09-26T17:14:59Z">
      <class name="pk1.Mavenpro4.google">
        <test-method status="PASS" signature="beforeTest()[pri:0, instance:pk1.Mavenpro4.google@1bd9247]" name="beforeTest" is-config="true" duration-ms="6822" started-at="2019-09-27T00:14:48Z" finished-at="2019-09-27T00:14:55Z">
          <reporter-output>
          </reporter-output>
        </test-method> <!-- beforeTest -->
        <test-method status="PASS" signature="testEasy()[pri:0, instance:pk1.Mavenpro4.google@1bd9247]" name="testEasy" duration-ms="1439" started-at="2019-09-27T00:14:55Z" finished-at="2019-09-27T00:14:57Z">
          <reporter-output>
          </reporter-output>
        </test-method> <!-- testEasy -->
        <test-method status="FAIL" signature="testEasy2()[pri:0, instance:pk1.Mavenpro4.google@1bd9247]" name="testEasy2" duration-ms="32" started-at="2019-09-27T00:14:57Z" finished-at="2019-09-27T00:14:57Z">
          <exception class="java.lang.AssertionError">
            <message>
              <![CDATA[expected [true] but found [false]]]>
            </message>
            <full-stacktrace>
              <![CDATA[java.lang.AssertionError: expected [true] but found [false]
	at org.testng.Assert.fail(Assert.java:94)
	at org.testng.Assert.failNotEquals(Assert.java:513)
	at org.testng.Assert.assertTrue(Assert.java:42)
	at org.testng.Assert.assertTrue(Assert.java:52)
	at pk1.Mavenpro4.google.testEasy2(google.java:29)
	at sun.reflect.NativeMethodAccessorImpl.invoke0(Native Method)
	at sun.reflect.NativeMethodAccessorImpl.invoke(Unknown Source)
	at sun.reflect.DelegatingMethodAccessorImpl.invoke(Unknown Source)
	at java.lang.reflect.Method.invoke(Unknown Source)
	at org.testng.internal.MethodInvocationHelper.invokeMethod(MethodInvocationHelper.java:86)
	at org.testng.internal.Invoker.invokeMethod(Invoker.java:645)
	at org.testng.internal.Invoker.invokeTestMethod(Invoker.java:822)
	at org.testng.internal.Invoker.invokeTestMethods(Invoker.java:1130)
	at org.testng.internal.TestMethodWorker.invokeTestMethods(TestMethodWorker.java:129)
	at org.testng.internal.TestMethodWorker.run(TestMethodWorker.java:112)
	at org.testng.TestRunner.privateRun(TestRunner.java:782)
	at org.testng.TestRunner.run(TestRunner.java:632)
	at org.testng.SuiteRunner.runTest(SuiteRunner.java:366)
	at org.testng.SuiteRunner.access$000(SuiteRunner.java:39)
	at org.testng.SuiteRunner$SuiteWorker.run(SuiteRunner.java:400)
	at org.testng.internal.thread.ThreadUtil$2.call(ThreadUtil.java:64)
	at java.util.concurrent.FutureTask.run(Unknown Source)
	at java.util.concurrent.ThreadPoolExecutor.runWorker(Unknown Source)
	at java.util.concurrent.ThreadPoolExecutor$Worker.run(Unknown Source)
	at java.lang.Thread.run(Unknown Source)
]]>
            </full-stacktrace>
          </exception> <!-- java.lang.AssertionError -->
          <reporter-output>
          </reporter-output>
        </test-method> <!-- testEasy2 -->
        <test-method status="PASS" signature="testEasy3()[pri:0, instance:pk1.Mavenpro4.google@1bd9247]" name="testEasy3" duration-ms="38" started-at="2019-09-27T00:14:57Z" finished-at="2019-09-27T00:14:57Z">
          <reporter-output>
          </reporter-output>
        </test-method> <!-- testEasy3 -->
        <test-method status="PASS" signature="afterTest()[pri:0, instance:pk1.Mavenpro4.google@1bd9247]" name="afterTest" is-config="true" duration-ms="2576" started-at="2019-09-27T00:14:57Z" finished-at="2019-09-27T00:14:59Z">
          <reporter-output>
          </reporter-output>
        </test-method> <!-- afterTest -->
      </class> <!-- pk1.Mavenpro4.google -->
    </test> <!-- Testgoogle -->
  </suite> <!-- SuiteHomepage -->
</testng-results>
